<?xml version="1.0" encoding="UTF-8"?>
<!-- Generated by org.testng.reporters.JUnitReportReporter -->
<testsuite skipped="0" hostname="NTS5CG7321YLY" name="stepdefinitions.stepdefinitions" tests="2" failures="0" timestamp="06 Eyl 2018 07:04:22 GMT" time="11.304" errors="0">
  <testcase name="client_is_launched" time="10.653" classname="stepdefinitions.stepdefinitions"/>
  <testcase name="user_enter_UC_user_name" time="0.651" classname="stepdefinitions.stepdefinitions"/>
</testsuite> <!-- stepdefinitions.stepdefinitions -->
