<?xml version="1.0" encoding="UTF-8"?>
<!-- Generated by org.testng.reporters.JUnitReportReporter -->
<testsuite skipped="0" hostname="NTS5CG7321YLY" name="runners.message_Test" tests="1" failures="0" timestamp="07 Sep 2018 12:37:23 GMT" time="47.914" errors="0">
  <testcase name="feature" time="47.914" classname="runners.message_Test"/>
</testsuite> <!-- runners.message_Test -->
