<?xml version="1.0" encoding="UTF-8"?>
<!-- Generated by org.testng.reporters.JUnitReportReporter -->
<testsuite skipped="0" hostname="NTS5CG7321YLY" name="stepdefinitions.stepdefinitions_test" tests="2" failures="0" timestamp="06 Eyl 2018 10:43:26 GMT" time="10.697" errors="0">
  <testcase name="user_enters_UC_username" time="3.236" classname="stepdefinitions.stepdefinitions_test"/>
  <testcase name="s_B_is_launched" time="7.461" classname="stepdefinitions.stepdefinitions_test"/>
</testsuite> <!-- stepdefinitions.stepdefinitions_test -->
