<?xml version="1.0" encoding="UTF-8"?>
<!-- Generated by org.testng.reporters.JUnitReportReporter -->
<testsuite hostname="NTS5CG7321YLY" name="stepdefinitions.loginrunner" tests="1" failures="0" timestamp="21 Aug 2018 09:20:40 GMT" time="21.453" errors="0">
  <testcase name="feature" time="21.453" classname="stepdefinitions.loginrunner"/>
</testsuite> <!-- stepdefinitions.loginrunner -->
