<?xml version="1.0" encoding="UTF-8"?>
<!-- Generated by org.testng.reporters.JUnitReportReporter -->
<testsuite hostname="NTS5CG7321YLY" name="runners.loginrunner" tests="1" failures="0" timestamp="20 Aug 2018 20:50:27 GMT" time="0.084" errors="0">
  <testcase name="feature" time="0.084" classname="runners.loginrunner"/>
</testsuite> <!-- runners.loginrunner -->
