<?xml version="1.0" encoding="UTF-8"?>
<!-- Generated by org.testng.reporters.JUnitReportReporter -->
<testsuite skipped="0" hostname="NTS5CG7321YLY" name="runners.runner_crush_Test" tests="1" failures="0" timestamp="07 Sep 2018 08:33:59 GMT" time="199.873" errors="0">
  <testcase name="feature" time="199.873" classname="runners.runner_crush_Test"/>
</testsuite> <!-- runners.runner_crush_Test -->
